<?xml version="1.0" encoding="UTF-8"?>
<testng-results ignored="0" total="1" passed="1" failed="0" skipped="0">
  <reporter-output>
  </reporter-output>
  <suite started-at="2021-03-25T18:45:19 IST" name="CRM Automation Test Suite" finished-at="2021-03-25T18:45:41 IST" duration-ms="22026">
    <groups>
    </groups>
    <test started-at="2021-03-25T18:45:19 IST" name="CRM Test Cases" finished-at="2021-03-25T18:45:41 IST" duration-ms="22026">
      <class name="com.crm.qa.testCases.LoginPageTest">
        <test-method is-config="true" signature="launch()[pri:0, instance:com.crm.qa.testCases.LoginPageTest@2e222612]" started-at="2021-03-25T18:45:20 IST" name="launch" finished-at="2021-03-25T18:45:39 IST" duration-ms="19576" status="PASS">
          <reporter-output>
          </reporter-output>
        </test-method> <!-- launch -->
        <test-method signature="loginTest(java.util.Map)[pri:0, instance:com.crm.qa.testCases.LoginPageTest@2e222612]" started-at="2021-03-25T18:45:39 IST" name="loginTest" data-provider="data" finished-at="2021-03-25T18:45:40 IST" duration-ms="577" status="PASS">
          <params>
            <param index="0">
              <value>
                <![CDATA[{Username=amru.1991@gmailcom, Password=Amruta1991}]]>
              </value>
            </param>
          </params>
          <reporter-output>
          </reporter-output>
        </test-method> <!-- loginTest -->
        <test-method is-config="true" signature="tearDown()[pri:0, instance:com.crm.qa.testCases.LoginPageTest@2e222612]" started-at="2021-03-25T18:45:40 IST" name="tearDown" finished-at="2021-03-25T18:45:41 IST" duration-ms="992" status="PASS">
          <reporter-output>
          </reporter-output>
        </test-method> <!-- tearDown -->
      </class> <!-- com.crm.qa.testCases.LoginPageTest -->
    </test> <!-- CRM Test Cases -->
  </suite> <!-- CRM Automation Test Suite -->
</testng-results>
