<?xml version="1.0" encoding="UTF-8"?>
<testng-results ignored="0" total="1" passed="1" failed="0" skipped="0">
  <reporter-output>
  </reporter-output>
  <suite started-at="2021-03-25T15:18:04 IST" name="Default suite" finished-at="2021-03-25T15:18:25 IST" duration-ms="20806">
    <groups>
    </groups>
    <test started-at="2021-03-25T15:18:04 IST" name="Default test" finished-at="2021-03-25T15:18:25 IST" duration-ms="20806">
      <class name="com.crm.qa.testCases.LoginPageTest">
        <test-method is-config="true" signature="launch()[pri:0, instance:com.crm.qa.testCases.LoginPageTest@3246fb96]" started-at="2021-03-25T15:18:05 IST" name="launch" finished-at="2021-03-25T15:18:23 IST" duration-ms="18094" status="PASS">
          <reporter-output>
          </reporter-output>
        </test-method> <!-- launch -->
        <test-method signature="loginTest(java.util.Map)[pri:0, instance:com.crm.qa.testCases.LoginPageTest@3246fb96]" started-at="2021-03-25T15:18:23 IST" name="loginTest" data-provider="data" finished-at="2021-03-25T15:18:24 IST" duration-ms="493" status="PASS">
          <params>
            <param index="0">
              <value>
                <![CDATA[{Username=amru.1991@gmailcom, Password=Amruta1991}]]>
              </value>
            </param>
          </params>
          <reporter-output>
          </reporter-output>
        </test-method> <!-- loginTest -->
        <test-method is-config="true" signature="tearDown()[pri:0, instance:com.crm.qa.testCases.LoginPageTest@3246fb96]" started-at="2021-03-25T15:18:24 IST" name="tearDown" finished-at="2021-03-25T15:18:25 IST" duration-ms="931" status="PASS">
          <reporter-output>
          </reporter-output>
        </test-method> <!-- tearDown -->
      </class> <!-- com.crm.qa.testCases.LoginPageTest -->
    </test> <!-- Default test -->
  </suite> <!-- Default suite -->
</testng-results>
